<?xml version="1.0" encoding="UTF-8"?>
<testng-results skipped="0" failed="0" ignored="0" total="1" passed="1">
  <reporter-output>
  </reporter-output>
  <suite name="Default suite" duration-ms="18917" started-at="2020-07-18T00:34:28 IST" finished-at="2020-07-18T00:34:47 IST">
    <groups>
    </groups>
    <test name="Default test" duration-ms="18917" started-at="2020-07-18T00:34:28 IST" finished-at="2020-07-18T00:34:47 IST">
      <class name="com.seleniumtest.LoginTest">
        <test-method status="PASS" signature="loginTest()[pri:0, instance:com.seleniumtest.LoginTest@a7e666]" name="loginTest" duration-ms="18859" started-at="2020-07-18T00:34:28 IST" finished-at="2020-07-18T00:34:47 IST">
          <reporter-output>
          </reporter-output>
        </test-method> <!-- loginTest -->
      </class> <!-- com.seleniumtest.LoginTest -->
    </test> <!-- Default test -->
  </suite> <!-- Default suite -->
</testng-results>
